packages/expo-makachat-push/android/build/intermediates/manifest_merge_blame_file/debug/processDebugManifest/manifest-merger-blame-debug-report.txt
1<?xml version="1.0" encoding="utf-8"?>
2<manifest xmlns:android="http://schemas.android.com/apk/res/android"
3    package="expo.modules.makachatpush" >
4
5    <uses-sdk android:minSdkVersion="24" />
6
7    <application>
7-->src/main/AndroidManifest.xml:2:5-13:19
8        <service
8-->src/main/AndroidManifest.xml:3:9-9:19
9            android:name="expo.modules.makachatpush.MakachatFcmService"
9-->src/main/AndroidManifest.xml:4:13-72
10            android:exported="false" >
10-->src/main/AndroidManifest.xml:5:13-37
11            <intent-filter android:priority="1" >
11-->src/main/AndroidManifest.xml:6:13-8:29
11-->src/main/AndroidManifest.xml:6:28-48
12                <action android:name="com.google.firebase.MESSAGING_EVENT" />
12-->src/main/AndroidManifest.xml:7:17-78
12-->src/main/AndroidManifest.xml:7:25-75
13            </intent-filter>
14        </service>
15
16        <receiver
16-->src/main/AndroidManifest.xml:10:9-12:40
17            android:name="expo.modules.makachatpush.RespostaReceiver"
17-->src/main/AndroidManifest.xml:11:13-70
18            android:exported="false" />
18-->src/main/AndroidManifest.xml:12:13-37
19    </application>
20
21</manifest>